Build started 11/21/2012 9:25:52 PM.
     1>Project "S:\MyBriefcase\Coding\C\StringsInObj\StringsInObj\StringsInObj.vcxproj" on node 2 (build target(s)).
     1>InitializeBuildStatus:
         Creating "Debug\StringsInObj.unsuccessfulbuild" because "AlwaysCreate" was specified.
       ClCompile:
         f:\Program Files (x86)\Microsoft Visual Studio 10.0\VC\bin\CL.exe /c /ZI /nologo /W3 /WX- /Od /Oy- /D WIN32 /D _DEBUG /D _CONSOLE /D _UNICODE /D UNICODE /Gm /EHsc /RTC1 /MDd /GS /fp:precise /Zc:wchar_t /Zc:forScope /Fo"Debug\\" /Fd"Debug\vc100.pdb" /Gd /TP /analyze- /errorReport:prompt StringsInObj.cpp
         StringsInObj.cpp
     1>s:\mybriefcase\coding\c\stringsinobj\stringsinobj\stringsinobj.cpp(29): warning C4996: '_open': This function or variable may be unsafe. Consider using _sopen_s instead. To disable deprecation, use _CRT_SECURE_NO_WARNINGS. See online help for details.
                 f:\program files (x86)\microsoft visual studio 10.0\vc\include\io.h(240) : see declaration of '_open'
       ManifestResourceCompile:
         All outputs are up-to-date.
       Link:
         f:\Program Files (x86)\Microsoft Visual Studio 10.0\VC\bin\link.exe /ERRORREPORT:PROMPT /OUT:"S:\MyBriefcase\Coding\C\StringsInObj\Debug\StringsInObj.exe" /INCREMENTAL /NOLOGO kernel32.lib user32.lib gdi32.lib winspool.lib comdlg32.lib advapi32.lib shell32.lib ole32.lib oleaut32.lib uuid.lib odbc32.lib odbccp32.lib /MANIFEST /ManifestFile:"Debug\StringsInObj.exe.intermediate.manifest" /MANIFESTUAC:"level='asInvoker' uiAccess='false'" /DEBUG /PDB:"S:\MyBriefcase\Coding\C\StringsInObj\Debug\StringsInObj.pdb" /SUBSYSTEM:CONSOLE /TLBID:1 /DYNAMICBASE /NXCOMPAT /IMPLIB:"S:\MyBriefcase\Coding\C\StringsInObj\Debug\StringsInObj.lib" /MACHINE:X86 Debug\StringsInObj.exe.embed.manifest.res
         Debug\StringsInObj.obj
       Manifest:
         C:\Program Files (x86)\Microsoft SDKs\Windows\v7.0A\bin\mt.exe /nologo /verbose /out:"Debug\StringsInObj.exe.embed.manifest" /manifest Debug\StringsInObj.exe.intermediate.manifest
         All outputs are up-to-date.
       LinkEmbedManifest:
         All outputs are up-to-date.
         StringsInObj.vcxproj -> S:\MyBriefcase\Coding\C\StringsInObj\Debug\StringsInObj.exe
       FinalizeBuildStatus:
         Deleting file "Debug\StringsInObj.unsuccessfulbuild".
         Touching "Debug\StringsInObj.lastbuildstate".
     1>Done Building Project "S:\MyBriefcase\Coding\C\StringsInObj\StringsInObj\StringsInObj.vcxproj" (build target(s)).

Build succeeded.

Time Elapsed 00:00:00.55
