Build started 11/21/2012 9:32:44 PM.
     1>Project "S:\MyBriefcase\Coding\C\StringsInObj\StringsInObj\StringsInObj.vcxproj" on node 2 (build target(s)).
     1>PrepareForBuild:
         Creating directory "S:\MyBriefcase\Coding\C\StringsInObj\Release\".
       InitializeBuildStatus:
         Creating "Release\StringsInObj.unsuccessfulbuild" because "AlwaysCreate" was specified.
       ClCompile:
         f:\Program Files (x86)\Microsoft Visual Studio 10.0\VC\bin\CL.exe /c /Zi /nologo /W3 /WX- /O2 /Oi /Oy- /GL /D WIN32 /D NDEBUG /D _CONSOLE /D _UNICODE /D UNICODE /Gm- /EHsc /MD /GS /Gy /fp:precise /Zc:wchar_t /Zc:forScope /Fo"Release\\" /Fd"Release\vc100.pdb" /Gd /TP /analyze- /errorReport:prompt StringsInObj.cpp
         StringsInObj.cpp
     1>StringsInObj.cpp(35): warning C4996: '_open': This function or variable may be unsafe. Consider using _sopen_s instead. To disable deprecation, use _CRT_SECURE_NO_WARNINGS. See online help for details.
                 f:\Program Files (x86)\Microsoft Visual Studio 10.0\VC\include\io.h(240) : see declaration of '_open'
       Link:
         f:\Program Files (x86)\Microsoft Visual Studio 10.0\VC\bin\link.exe /ERRORREPORT:PROMPT /OUT:"S:\MyBriefcase\Coding\C\StringsInObj\Release\StringsInObj.exe" /INCREMENTAL:NO /NOLOGO kernel32.lib user32.lib gdi32.lib winspool.lib comdlg32.lib advapi32.lib shell32.lib ole32.lib oleaut32.lib uuid.lib odbc32.lib odbccp32.lib /MANIFEST /ManifestFile:"Release\StringsInObj.exe.intermediate.manifest" /MANIFESTUAC:"level='asInvoker' uiAccess='false'" /DEBUG /PDB:"S:\MyBriefcase\Coding\C\StringsInObj\Release\StringsInObj.pdb" /SUBSYSTEM:CONSOLE /OPT:REF /OPT:ICF /LTCG /TLBID:1 /DYNAMICBASE /NXCOMPAT /IMPLIB:"S:\MyBriefcase\Coding\C\StringsInObj\Release\StringsInObj.lib" /MACHINE:X86 Release\StringsInObj.obj
         Generating code
         Finished generating code
         StringsInObj.vcxproj -> S:\MyBriefcase\Coding\C\StringsInObj\Release\StringsInObj.exe
       Manifest:
         C:\Program Files (x86)\Microsoft SDKs\Windows\v7.0A\bin\mt.exe /nologo /verbose /outputresource:"S:\MyBriefcase\Coding\C\StringsInObj\Release\StringsInObj.exe;#1" /manifest Release\StringsInObj.exe.intermediate.manifest
       FinalizeBuildStatus:
         Deleting file "Release\StringsInObj.unsuccessfulbuild".
         Touching "Release\StringsInObj.lastbuildstate".
     1>Done Building Project "S:\MyBriefcase\Coding\C\StringsInObj\StringsInObj\StringsInObj.vcxproj" (build target(s)).

Build succeeded.

Time Elapsed 00:00:00.56
